<?xml version="1.0" encoding="UTF-8"?>
<!-- Generated by org.testng.reporters.JUnitXMLReporter -->
<testsuite ignored="0" hostname="LAPTOP-OBN06083" failures="0" tests="3" name="Default test" time="3.84" errors="0" timestamp="2022-11-25T16:25:05 IST">
  <testcase classname="testng.TestFrame" name="TestLaunchFrames" time="1.542"/>
  <testcase classname="testng.TestFrame" name="TestFramesInPage" time="0.015"/>
  <testcase classname="testng.TestFrame" name="TestFrameNavigation" time="0.235"/>
</testsuite> <!-- Default test -->
